
=== Tue Dec 12 01:26:59 2023

Packages were changed.
Update Mode: mergeDefaultDependencies

The following packages were added:
  com.unity.modules.ai@1.0.0
  com.unity.modules.androidjni@1.0.0
  com.unity.modules.animation@1.0.0
  com.unity.modules.assetbundle@1.0.0
  com.unity.modules.audio@1.0.0
  com.unity.modules.cloth@1.0.0
  com.unity.modules.director@1.0.0
  com.unity.modules.imageconversion@1.0.0
  com.unity.modules.imgui@1.0.0
  com.unity.modules.jsonserialize@1.0.0
  com.unity.modules.particlesystem@1.0.0
  com.unity.modules.physics@1.0.0
  com.unity.modules.physics2d@1.0.0
  com.unity.modules.screencapture@1.0.0
  com.unity.modules.terrain@1.0.0
  com.unity.modules.terrainphysics@1.0.0
  com.unity.modules.tilemap@1.0.0
  com.unity.modules.ui@1.0.0
  com.unity.modules.uielements@1.0.0
  com.unity.modules.umbra@1.0.0
  com.unity.modules.unityanalytics@1.0.0
  com.unity.modules.unitywebrequest@1.0.0
  com.unity.modules.unitywebrequestassetbundle@1.0.0
  com.unity.modules.unitywebrequestaudio@1.0.0
  com.unity.modules.unitywebrequesttexture@1.0.0
  com.unity.modules.unitywebrequestwww@1.0.0
  com.unity.modules.vehicles@1.0.0
  com.unity.modules.video@1.0.0
  com.unity.modules.vr@1.0.0
  com.unity.modules.wind@1.0.0
  com.unity.modules.xr@1.0.0
The following packages were updated:
  com.unity.collab-proxy from version 1.17.6 to 2.2.0
  com.unity.cinemachine from version 2.9.2 to 2.9.5
  com.unity.inputsystem from version 1.4.4 to 1.7.0
  com.unity.render-pipelines.high-definition from version 14.0.3 to 14.0.9
  com.unity.timeline from version 1.7.2 to 1.7.6
  com.unity.visualscripting from version 1.7.8 to 1.9.1

=== Thu Dec 14 11:37:10 2023

Packages were changed.
Update Mode: updateDependencies

The following packages were added:
  com.unity.2d.sprite@1.0.0
  com.unity.2d.tilemap@1.0.0
  com.unity.ads@4.4.2
  com.unity.analytics@3.8.1
  com.unity.ide.rider@3.0.26
  com.unity.ide.visualstudio@2.0.22
  com.unity.ide.vscode@1.2.5
  com.unity.purchasing@4.9.3
  com.unity.test-framework@1.1.33
  com.unity.xr.legacyinputhelpers@2.1.10
  com.unity.ai.navigation@1.1.5

=== Fri Dec 15 12:43:37 2023

Packages were changed.
Update Mode: updateDependencies

The following packages were added:
  com.unity.modules.accessibility@1.0.0
The following packages were updated:
  com.unity.ai.navigation from version 1.1.5 to 2.0.0
  com.unity.feature.development from version 1.0.1 to 1.0.2
  com.unity.postprocessing from version 3.2.2 to 3.3.0
  com.unity.purchasing from version 4.9.3 to 4.10.0
  com.unity.render-pipelines.high-definition from version 14.0.9 to 16.0.4
  com.unity.scripting.python from version 6.0.1 to 7.0.1
  com.unity.test-framework from version 1.1.33 to 1.3.9
  com.unity.timeline from version 1.7.6 to 1.8.6
  com.unity.ugui from version 1.0.0 to 2.0.0
The following packages were removed:
  com.unity.textmeshpro@3.0.6

=== Fri Jan  5 18:46:25 2024

Packages were changed.
Update Mode: updateDependencies

The following packages were updated:
  com.unity.addressables from version 1.21.19 to 2.0.6
  com.unity.entities.graphics from version 1.0.16 to 1.2.0-pre.6
  com.unity.physics from version 1.0.16 to 1.2.0-pre.6
  com.unity.render-pipelines.high-definition from version 16.0.4 to 17.0.1
  com.unity.render-pipelines.high-definition-config from version 16.0.4 to 17.0.1
  com.unity.rendering.denoising from version 1.0.3 to 1.0.5
  com.unity.test-framework from version 1.3.9 to 1.4.2

=== Sat Jan 13 11:22:25 2024

Packages were changed.
Update Mode: updateDependencies

The following packages were updated:
  com.unity.postprocessing from version 3.3.0 to 3.4.0

=== Wed Jan 17 19:12:28 2024

Packages were changed.
Update Mode: updateDependencies

The following packages were updated:
  com.unity.render-pipelines.high-definition from version 17.0.1 to 17.0.2
  com.unity.render-pipelines.high-definition-config from version 17.0.1 to 17.0.2

=== Fri Jan 26 13:24:59 2024

Packages were changed.
Update Mode: updateDependencies

The following packages were updated:
  com.unity.inputsystem from version 1.7.0 to 1.8.0-pre.2
  com.unity.ugui from version 1.0.0 to 2.0.0
The following packages were removed:
  com.unity.textmeshpro@3.0.6

=== Fri Jan 26 13:24:59 2024

Packages were changed.
Update Mode: mergeDefaultDependencies

The following packages were added:
  com.unity.inputsystem@1.8.0-pre.2

=== Sun Jan 28 16:14:43 2024

Packages were changed.
Update Mode: mergeDefaultDependencies

The following packages were added:
  com.unity.nuget.newtonsoft-json@3.2.1

=== Wed Feb 28 20:42:22 2024

Packages were changed.
Update Mode: updateDependencies

The following packages were updated:
  com.unity.addressables from version 2.0.6 to 2.0.8

=== Wed Mar  6 01:14:07 2024

Packages were changed.
Update Mode: updateDependencies

The following packages were updated:
  com.unity.ai.navigation from version 1.1.5 to 2.0.0
  com.unity.collections from version 2.1.4 to 2.4.0-pre.2
  com.unity.mathematics from version 1.2.6 to 1.3.1
  com.unity.test-framework from version 1.1.33 to 1.4.3
  com.unity.ugui from version 1.0.0 to 2.0.0
The following packages were removed:
  com.unity.textmeshpro@3.0.6

=== Wed Mar  6 01:14:07 2024

Packages were changed.
Update Mode: mergeDefaultDependencies

The following packages were added:
  com.unity.collections@2.4.0-pre.2
  com.unity.mathematics@1.3.1

=== Sun Mar 17 18:13:00 2024

Packages were changed.
Update Mode: updateDependencies

The following packages were updated:
  com.unity.cinemachine from version 2.9.7 to 2.10.0
  com.unity.ide.rider from version 3.0.27 to 3.0.28

=== Sun Mar 24 12:17:26 2024

Packages were changed.
Update Mode: updateDependencies

The following packages were updated:
  com.unity.visualscripting from version 1.9.1 to 1.9.2

=== Fri Mar 29 21:05:21 2024

Packages were changed.
Update Mode: updateDependencies

The following packages were updated:
  com.unity.dedicated-server from version 1.0.0-pre.2 to 1.0.0

=== Thu May  2 17:19:58 2024

Packages were changed.
Update Mode: updateDependencies

The following packages were updated:
  com.havok.physics from version 1.2.0-pre.6 to 1.2.0
  com.unity.collections from version 2.4.0-pre.2 to 2.4.0
  com.unity.entities.graphics from version 1.2.0-pre.6 to 1.2.0
  com.unity.localization from version 1.5.0-pre.5 to 1.5.1
  com.unity.physics from version 1.2.0-pre.6 to 1.2.0
  com.unity.render-pipelines.high-definition from version 17.0.2 to 17.0.3
  com.unity.render-pipelines.high-definition-config from version 17.0.2 to 17.0.3

=== Tue May  7 12:32:44 2024

Packages were changed.
Update Mode: updateDependencies

The following packages were updated:
  com.unity.visualscripting from version 1.9.2 to 1.9.4

=== Fri May 10 00:06:18 2024

Packages were changed.
Update Mode: updateDependencies

The following packages were updated:
  com.unity.inputsystem from version 1.8.1 to 1.8.2
  com.unity.test-framework from version 1.4.3 to 1.4.4

=== Wed Jun 12 07:59:39 2024

Packages were changed.
Update Mode: updateDependencies

The following packages were updated:
  com.unity.addressables from version 2.0.8 to 2.1.0
  com.unity.dedicated-server from version 1.0.0 to 1.1.0
  com.unity.feature.2d from version 2.0.0 to 2.0.1
  com.unity.localization from version 1.5.1 to 1.5.2
  com.unity.toolchain.linux-x86_64 from version 2.0.6 to 2.0.9
  com.unity.toolchain.macos-x86_64-linux-x86_64 from version 2.0.6 to 2.0.9
  com.unity.toolchain.win-x86_64-linux-x86_64 from version 2.0.6 to 2.0.9
